d:\desktop\bank\bank\x64\debug\vc141.pdb
d:\desktop\bank\bank\x64\debug\vc141.idb
d:\desktop\bank\bank\x64\debug\string.obj
d:\desktop\bank\bank\x64\debug\savingsaccount.obj
d:\desktop\bank\bank\x64\debug\privilegeaccount.obj
d:\desktop\bank\bank\x64\debug\menu.obj
d:\desktop\bank\bank\x64\debug\main.obj
d:\desktop\bank\bank\x64\debug\helperfunctions.obj
d:\desktop\bank\bank\x64\debug\customer.obj
d:\desktop\bank\bank\x64\debug\currentaccount.obj
d:\desktop\bank\bank\x64\debug\account.obj
d:\desktop\bank\bank\x64\debug\bank.obj
d:\desktop\bank\x64\debug\bank.exe
d:\desktop\bank\x64\debug\bank.ilk
d:\desktop\bank\x64\debug\bank.pdb
d:\desktop\bank\bank\x64\debug\bank.tlog\cl.command.1.tlog
d:\desktop\bank\bank\x64\debug\bank.tlog\cl.read.1.tlog
d:\desktop\bank\bank\x64\debug\bank.tlog\cl.write.1.tlog
d:\desktop\bank\bank\x64\debug\bank.tlog\link.command.1.tlog
d:\desktop\bank\bank\x64\debug\bank.tlog\link.read.1.tlog
d:\desktop\bank\bank\x64\debug\bank.tlog\link.write.1.tlog
